<?xml version="1.0" encoding="UTF-8"?>
<!-- Generated by org.testng.reporters.JUnitReportReporter -->
<testsuite hostname="SUNDAR-PC" failures="0" tests="1" name="com.org.main.Sundar_Project01.LoginTest" time="8.325" errors="0" timestamp="2024-12-08T19:47:04 IST" skipped="0">
  <testcase classname="com.org.main.Sundar_Project01.LoginTest" name="testLogin" time="8.325"/>
</testsuite> <!-- com.org.main.Sundar_Project01.LoginTest -->
